<?xml version="1.0" encoding="UTF-8"?>
<!-- Generated by org.testng.reporters.JUnitXMLReporter -->
<testsuite ignored="0" hostname="YOGITA" failures="0" tests="3" name="Test1" time="11.401" errors="0" timestamp="2023-12-25T18:04:31 IST">
  <testcase classname="testNG_Excecution.Class_Excecution" name="amazon" time="4.687"/>
  <testcase classname="testNG_Excecution.Class_Excecution" name="flipkart" time="3.849"/>
  <testcase classname="testNG_Excecution.Class_Excecution" name="instagram" time="2.801"/>
</testsuite> <!-- Test1 -->
