<?xml version="1.0" encoding="UTF-8"?>
<!-- Generated by org.testng.reporters.JUnitXMLReporter -->
<testsuite ignored="0" hostname="YOGITA" failures="0" tests="3" name="Test2" time="11.318" errors="0" timestamp="2023-12-25T18:04:42 IST">
  <testcase classname="testNG_Excecution.Class_Excecution" name="amazon" time="3.968"/>
  <testcase classname="testNG_Excecution.Class_Excecution" name="flipkart" time="4.017"/>
  <testcase classname="testNG_Excecution.Class_Excecution" name="instagram" time="3.319"/>
</testsuite> <!-- Test2 -->
