<?xml version="1.0" encoding="UTF-8"?>
<!-- Generated by org.testng.reporters.JUnitXMLReporter -->
<testsuite ignored="0" hostname="YOGITA" failures="0" tests="3" name="Test3" time="9.318" errors="0" timestamp="2023-12-25T18:04:52 IST">
  <testcase classname="testNG_Excecution.Class_Excecution" name="amazon" time="2.135"/>
  <testcase classname="testNG_Excecution.Class_Excecution" name="flipkart" time="3.015"/>
  <testcase classname="testNG_Excecution.Class_Excecution" name="instagram" time="4.159"/>
</testsuite> <!-- Test3 -->
